<?xml version="1.0" encoding="UTF-8"?>
<!-- Generated by org.testng.reporters.JUnitXMLReporter -->
<testsuite hostname="PARVEEN_CHAHAL" ignored="0" name="Default test" tests="3" failures="0" timestamp="2022-07-29T14:09:25 EDT" time="33.755" errors="0">
  <testcase name="login" time="3.836" classname="tests.TDLogin"/>
  <testcase name="loginWithEmptyEmail" time="3.444" classname="tests.TDLogin"/>
  <testcase name="loginWithEmptyPass" time="3.629" classname="tests.TDLogin"/>
</testsuite> <!-- Default test -->
